<?xml version="1.0" encoding="UTF-8"?>
<testsuite xmlns:xsi="http://www.w3.org/2001/XMLSchema-instance" xsi:noNamespaceSchemaLocation="https://maven.apache.org/surefire/maven-surefire-plugin/xsd/surefire-test-report.xsd" name="com.test.me.AppTest" time="0.021" tests="1" errors="0" skipped="0" failures="0">
  <properties>
    <property name="sun.desktop" value="windows"/>
    <property name="awt.toolkit" value="sun.awt.windows.WToolkit"/>
    <property name="file.encoding.pkg" value="sun.io"/>
    <property name="java.specification.version" value="1.8"/>
    <property name="sun.cpu.isalist" value="amd64"/>
    <property name="sun.jnu.encoding" value="Cp1252"/>
    <property name="java.class.path" value="C:\Users\11202147\Downloads\testfind\target\test-classes;C:\Users\11202147\Downloads\testfind\target\classes;C:\Users\11202147\.m2\repository\junit\junit\4.11\junit-4.11.jar;C:\Users\11202147\.m2\repository\org\hamcrest\hamcrest-core\1.3\hamcrest-core-1.3.jar;C:\Users\11202147\.m2\repository\org\springframework\spring-context\5.1.5.RELEASE\spring-context-5.1.5.RELEASE.jar;C:\Users\11202147\.m2\repository\org\springframework\spring-aop\5.1.5.RELEASE\spring-aop-5.1.5.RELEASE.jar;C:\Users\11202147\.m2\repository\org\springframework\spring-beans\5.1.5.RELEASE\spring-beans-5.1.5.RELEASE.jar;C:\Users\11202147\.m2\repository\org\springframework\spring-core\5.1.5.RELEASE\spring-core-5.1.5.RELEASE.jar;C:\Users\11202147\.m2\repository\org\springframework\spring-jcl\5.1.5.RELEASE\spring-jcl-5.1.5.RELEASE.jar;C:\Users\11202147\.m2\repository\org\springframework\spring-expression\5.1.5.RELEASE\spring-expression-5.1.5.RELEASE.jar;C:\Users\11202147\.m2\repository\org\springframework\spring-web\5.1.5.RELEASE\spring-web-5.1.5.RELEASE.jar;C:\Users\11202147\.m2\repository\org\springframework\spring-webmvc\5.1.1.RELEASE\spring-webmvc-5.1.1.RELEASE.jar;C:\Users\11202147\.m2\repository\javax\servlet\servlet-api\3.0-alpha-1\servlet-api-3.0-alpha-1.jar;C:\Users\11202147\.m2\repository\javax\servlet\jstl\1.2\jstl-1.2.jar;C:\Users\11202147\.m2\repository\org\apache\tomcat\tomcat-jasper\9.0.12\tomcat-jasper-9.0.12.jar;C:\Users\11202147\.m2\repository\org\apache\tomcat\tomcat-servlet-api\9.0.12\tomcat-servlet-api-9.0.12.jar;C:\Users\11202147\.m2\repository\org\apache\tomcat\tomcat-juli\9.0.12\tomcat-juli-9.0.12.jar;C:\Users\11202147\.m2\repository\org\apache\tomcat\tomcat-jsp-api\9.0.12\tomcat-jsp-api-9.0.12.jar;C:\Users\11202147\.m2\repository\org\apache\tomcat\tomcat-el-api\9.0.12\tomcat-el-api-9.0.12.jar;C:\Users\11202147\.m2\repository\org\eclipse\jdt\ecj\3.13.102\ecj-3.13.102.jar;C:\Users\11202147\.m2\repository\org\apache\tomcat\tomcat-jasper-el\9.0.12\tomcat-jasper-el-9.0.12.jar;C:\Users\11202147\.m2\repository\org\apache\tomcat\tomcat-api\9.0.12\tomcat-api-9.0.12.jar;C:\Users\11202147\.m2\repository\org\apache\tomcat\tomcat-util-scan\9.0.12\tomcat-util-scan-9.0.12.jar;C:\Users\11202147\.m2\repository\org\apache\tomcat\tomcat-util\9.0.12\tomcat-util-9.0.12.jar;C:\Users\11202147\.m2\repository\org\hibernate\hibernate-core\4.3.0.Final\hibernate-core-4.3.0.Final.jar;C:\Users\11202147\.m2\repository\org\jboss\logging\jboss-logging\3.1.3.GA\jboss-logging-3.1.3.GA.jar;C:\Users\11202147\.m2\repository\org\jboss\logging\jboss-logging-annotations\1.2.0.Beta1\jboss-logging-annotations-1.2.0.Beta1.jar;C:\Users\11202147\.m2\repository\org\jboss\spec\javax\transaction\jboss-transaction-api_1.2_spec\1.0.0.Final\jboss-transaction-api_1.2_spec-1.0.0.Final.jar;C:\Users\11202147\.m2\repository\dom4j\dom4j\1.6.1\dom4j-1.6.1.jar;C:\Users\11202147\.m2\repository\xml-apis\xml-apis\1.0.b2\xml-apis-1.0.b2.jar;C:\Users\11202147\.m2\repository\org\hibernate\common\hibernate-commons-annotations\4.0.4.Final\hibernate-commons-annotations-4.0.4.Final.jar;C:\Users\11202147\.m2\repository\org\hibernate\javax\persistence\hibernate-jpa-2.1-api\1.0.0.Final\hibernate-jpa-2.1-api-1.0.0.Final.jar;C:\Users\11202147\.m2\repository\org\javassist\javassist\3.18.1-GA\javassist-3.18.1-GA.jar;C:\Users\11202147\.m2\repository\antlr\antlr\2.7.7\antlr-2.7.7.jar;C:\Users\11202147\.m2\repository\org\jboss\jandex\1.1.0.Final\jandex-1.1.0.Final.jar;C:\Users\11202147\.m2\repository\mysql\mysql-connector-java\8.0.25\mysql-connector-java-8.0.25.jar;C:\Users\11202147\.m2\repository\com\google\protobuf\protobuf-java\3.11.4\protobuf-java-3.11.4.jar;"/>
    <property name="java.vm.vendor" value="Oracle Corporation"/>
    <property name="sun.arch.data.model" value="64"/>
    <property name="user.variant" value=""/>
    <property name="java.vendor.url" value="http://java.oracle.com/"/>
    <property name="user.timezone" value="Asia/Calcutta"/>
    <property name="java.vm.specification.version" value="1.8"/>
    <property name="os.name" value="Windows 10"/>
    <property name="user.country" value="IN"/>
    <property name="sun.java.launcher" value="SUN_STANDARD"/>
    <property name="sun.boot.library.path" value="C:\Program Files\Java\jre1.8.0_202\bin"/>
    <property name="sun.java.command" value="C:\Users\11202147\AppData\Local\Temp\surefire7662439761307236023\surefirebooter916930311176175527.jar C:\Users\11202147\AppData\Local\Temp\surefire7662439761307236023 2021-07-09T12-14-43_225-jvmRun1 surefire5523535039048087702tmp surefire_03336198691512219709tmp"/>
    <property name="surefire.test.class.path" value="C:\Users\11202147\Downloads\testfind\target\test-classes;C:\Users\11202147\Downloads\testfind\target\classes;C:\Users\11202147\.m2\repository\junit\junit\4.11\junit-4.11.jar;C:\Users\11202147\.m2\repository\org\hamcrest\hamcrest-core\1.3\hamcrest-core-1.3.jar;C:\Users\11202147\.m2\repository\org\springframework\spring-context\5.1.5.RELEASE\spring-context-5.1.5.RELEASE.jar;C:\Users\11202147\.m2\repository\org\springframework\spring-aop\5.1.5.RELEASE\spring-aop-5.1.5.RELEASE.jar;C:\Users\11202147\.m2\repository\org\springframework\spring-beans\5.1.5.RELEASE\spring-beans-5.1.5.RELEASE.jar;C:\Users\11202147\.m2\repository\org\springframework\spring-core\5.1.5.RELEASE\spring-core-5.1.5.RELEASE.jar;C:\Users\11202147\.m2\repository\org\springframework\spring-jcl\5.1.5.RELEASE\spring-jcl-5.1.5.RELEASE.jar;C:\Users\11202147\.m2\repository\org\springframework\spring-expression\5.1.5.RELEASE\spring-expression-5.1.5.RELEASE.jar;C:\Users\11202147\.m2\repository\org\springframework\spring-web\5.1.5.RELEASE\spring-web-5.1.5.RELEASE.jar;C:\Users\11202147\.m2\repository\org\springframework\spring-webmvc\5.1.1.RELEASE\spring-webmvc-5.1.1.RELEASE.jar;C:\Users\11202147\.m2\repository\javax\servlet\servlet-api\3.0-alpha-1\servlet-api-3.0-alpha-1.jar;C:\Users\11202147\.m2\repository\javax\servlet\jstl\1.2\jstl-1.2.jar;C:\Users\11202147\.m2\repository\org\apache\tomcat\tomcat-jasper\9.0.12\tomcat-jasper-9.0.12.jar;C:\Users\11202147\.m2\repository\org\apache\tomcat\tomcat-servlet-api\9.0.12\tomcat-servlet-api-9.0.12.jar;C:\Users\11202147\.m2\repository\org\apache\tomcat\tomcat-juli\9.0.12\tomcat-juli-9.0.12.jar;C:\Users\11202147\.m2\repository\org\apache\tomcat\tomcat-jsp-api\9.0.12\tomcat-jsp-api-9.0.12.jar;C:\Users\11202147\.m2\repository\org\apache\tomcat\tomcat-el-api\9.0.12\tomcat-el-api-9.0.12.jar;C:\Users\11202147\.m2\repository\org\eclipse\jdt\ecj\3.13.102\ecj-3.13.102.jar;C:\Users\11202147\.m2\repository\org\apache\tomcat\tomcat-jasper-el\9.0.12\tomcat-jasper-el-9.0.12.jar;C:\Users\11202147\.m2\repository\org\apache\tomcat\tomcat-api\9.0.12\tomcat-api-9.0.12.jar;C:\Users\11202147\.m2\repository\org\apache\tomcat\tomcat-util-scan\9.0.12\tomcat-util-scan-9.0.12.jar;C:\Users\11202147\.m2\repository\org\apache\tomcat\tomcat-util\9.0.12\tomcat-util-9.0.12.jar;C:\Users\11202147\.m2\repository\org\hibernate\hibernate-core\4.3.0.Final\hibernate-core-4.3.0.Final.jar;C:\Users\11202147\.m2\repository\org\jboss\logging\jboss-logging\3.1.3.GA\jboss-logging-3.1.3.GA.jar;C:\Users\11202147\.m2\repository\org\jboss\logging\jboss-logging-annotations\1.2.0.Beta1\jboss-logging-annotations-1.2.0.Beta1.jar;C:\Users\11202147\.m2\repository\org\jboss\spec\javax\transaction\jboss-transaction-api_1.2_spec\1.0.0.Final\jboss-transaction-api_1.2_spec-1.0.0.Final.jar;C:\Users\11202147\.m2\repository\dom4j\dom4j\1.6.1\dom4j-1.6.1.jar;C:\Users\11202147\.m2\repository\xml-apis\xml-apis\1.0.b2\xml-apis-1.0.b2.jar;C:\Users\11202147\.m2\repository\org\hibernate\common\hibernate-commons-annotations\4.0.4.Final\hibernate-commons-annotations-4.0.4.Final.jar;C:\Users\11202147\.m2\repository\org\hibernate\javax\persistence\hibernate-jpa-2.1-api\1.0.0.Final\hibernate-jpa-2.1-api-1.0.0.Final.jar;C:\Users\11202147\.m2\repository\org\javassist\javassist\3.18.1-GA\javassist-3.18.1-GA.jar;C:\Users\11202147\.m2\repository\antlr\antlr\2.7.7\antlr-2.7.7.jar;C:\Users\11202147\.m2\repository\org\jboss\jandex\1.1.0.Final\jandex-1.1.0.Final.jar;C:\Users\11202147\.m2\repository\mysql\mysql-connector-java\8.0.25\mysql-connector-java-8.0.25.jar;C:\Users\11202147\.m2\repository\com\google\protobuf\protobuf-java\3.11.4\protobuf-java-3.11.4.jar;"/>
    <property name="sun.cpu.endian" value="little"/>
    <property name="user.home" value="C:\Users\11202147"/>
    <property name="user.language" value="en"/>
    <property name="java.specification.vendor" value="Oracle Corporation"/>
    <property name="java.home" value="C:\Program Files\Java\jre1.8.0_202"/>
    <property name="basedir" value="C:\Users\11202147\Downloads\testfind"/>
    <property name="file.separator" value="\"/>
    <property name="line.separator" value="&#10;"/>
    <property name="java.vm.specification.vendor" value="Oracle Corporation"/>
    <property name="java.specification.name" value="Java Platform API Specification"/>
    <property name="java.awt.graphicsenv" value="sun.awt.Win32GraphicsEnvironment"/>
    <property name="surefire.real.class.path" value="C:\Users\11202147\AppData\Local\Temp\surefire7662439761307236023\surefirebooter916930311176175527.jar"/>
    <property name="sun.boot.class.path" value="C:\Program Files\Java\jre1.8.0_202\lib\resources.jar;C:\Program Files\Java\jre1.8.0_202\lib\rt.jar;C:\Program Files\Java\jre1.8.0_202\lib\sunrsasign.jar;C:\Program Files\Java\jre1.8.0_202\lib\jsse.jar;C:\Program Files\Java\jre1.8.0_202\lib\jce.jar;C:\Program Files\Java\jre1.8.0_202\lib\charsets.jar;C:\Program Files\Java\jre1.8.0_202\lib\jfr.jar;C:\Program Files\Java\jre1.8.0_202\classes"/>
    <property name="user.script" value=""/>
    <property name="sun.management.compiler" value="HotSpot 64-Bit Tiered Compilers"/>
    <property name="java.runtime.version" value="1.8.0_202-b08"/>
    <property name="user.name" value="11202147"/>
    <property name="path.separator" value=";"/>
    <property name="os.version" value="10.0"/>
    <property name="java.endorsed.dirs" value="C:\Program Files\Java\jre1.8.0_202\lib\endorsed"/>
    <property name="java.runtime.name" value="Java(TM) SE Runtime Environment"/>
    <property name="file.encoding" value="Cp1252"/>
    <property name="java.vm.name" value="Java HotSpot(TM) 64-Bit Server VM"/>
    <property name="localRepository" value="C:\Users\11202147\.m2\repository"/>
    <property name="java.vendor.url.bug" value="http://bugreport.sun.com/bugreport/"/>
    <property name="java.io.tmpdir" value="C:\Users\11202147\AppData\Local\Temp\"/>
    <property name="java.version" value="1.8.0_202"/>
    <property name="user.dir" value="C:\Users\11202147\Downloads\testfind"/>
    <property name="os.arch" value="amd64"/>
    <property name="java.vm.specification.name" value="Java Virtual Machine Specification"/>
    <property name="java.awt.printerjob" value="sun.awt.windows.WPrinterJob"/>
    <property name="sun.os.patch.level" value=""/>
    <property name="java.library.path" value="C:\Program Files\Java\jre1.8.0_202\bin;C:\Windows\Sun\Java\bin;C:\Windows\system32;C:\Windows;C:\Program Files (x86)\Common Files\Oracle\Java\javapath;C:\Windows\system32;C:\Windows;C:\Windows\System32\Wbem;C:\Windows\System32\WindowsPowerShell\v1.0\;C:\Windows\System32\OpenSSH\;C:\Program Files\Java\jdk1.8.0_202\bin;C:\Users\11202147\Downloads\apache-maven-3.8.1-bin\apache-maven-3.8.1\bin;;C:\Program Files\Docker\Docker\resources\bin;C:\ProgramData\DockerDesktop\version-bin;C:\Users\11202147\AppData\Local\Microsoft\WindowsApps;C:\Users\11202147\AppData\Local\Programs\Git\cmd;C:\Users\11202147\AppData\Local\JetBrains\IntelliJ IDEA Community Edition 2021.1.2\bin;;."/>
    <property name="java.vm.info" value="mixed mode"/>
    <property name="java.vendor" value="Oracle Corporation"/>
    <property name="java.vm.version" value="25.202-b08"/>
    <property name="java.ext.dirs" value="C:\Program Files\Java\jre1.8.0_202\lib\ext;C:\Windows\Sun\Java\lib\ext"/>
    <property name="sun.io.unicode.encoding" value="UnicodeLittle"/>
    <property name="java.class.version" value="52.0"/>
  </properties>
  <testcase name="shouldAnswerWithTrue" classname="com.test.me.AppTest" time="0.002"/>
</testsuite>